[0m[1mdata.aws_vpc.default: Reading...[0m[0m
[0m[1mdata.aws_ssm_parameter.al2023: Reading...[0m[0m
[0m[1mdata.aws_caller_identity.current: Reading...[0m[0m
[0m[1mdata.aws_caller_identity.current: Read complete after 0s [id=650379606721][0m
[0m[1mdata.aws_ssm_parameter.al2023: Read complete after 1s [id=/aws/service/ami-amazon-linux-latest/al2023-ami-kernel-default-x86_64][0m
[0m[1mdata.aws_vpc.default: Read complete after 2s [id=vpc-0eaa9957299798865][0m
[0m[1mdata.aws_subnets.ec2: Reading...[0m[0m
[0m[1mdata.aws_subnets.default: Reading...[0m[0m
[0m[1mdata.aws_subnets.default: Read complete after -1s [id=us-east-1][0m

Terraform used the selected providers to generate the following execution
plan. Resource actions are indicated with the following symbols:
  [32m+[0m create[0m

Terraform planned the following actions, but then encountered a problem:

[1m  # aws_db_instance.postgres[0m will be created
[0m  [32m+[0m[0m resource "aws_db_instance" "postgres" {
      [32m+[0m[0m address                               = (known after apply)
      [32m+[0m[0m allocated_storage                     = 20
      [32m+[0m[0m apply_immediately                     = true
      [32m+[0m[0m arn                                   = (known after apply)
      [32m+[0m[0m auto_minor_version_upgrade            = true
      [32m+[0m[0m availability_zone                     = (known after apply)
      [32m+[0m[0m backup_retention_period               = 0
      [32m+[0m[0m backup_target                         = (known after apply)
      [32m+[0m[0m backup_window                         = (known after apply)
      [32m+[0m[0m ca_cert_identifier                    = (known after apply)
      [32m+[0m[0m character_set_name                    = (known after apply)
      [32m+[0m[0m copy_tags_to_snapshot                 = false
      [32m+[0m[0m database_insights_mode                = (known after apply)
      [32m+[0m[0m db_name                               = "ecommerce"
      [32m+[0m[0m db_subnet_group_name                  = "ingestao-db-subnets"
      [32m+[0m[0m dedicated_log_volume                  = false
      [32m+[0m[0m delete_automated_backups              = true
      [32m+[0m[0m domain_fqdn                           = (known after apply)
      [32m+[0m[0m endpoint                              = (known after apply)
      [32m+[0m[0m engine                                = "postgres"
      [32m+[0m[0m engine_lifecycle_support              = (known after apply)
      [32m+[0m[0m engine_version                        = (known after apply)
      [32m+[0m[0m engine_version_actual                 = (known after apply)
      [32m+[0m[0m hosted_zone_id                        = (known after apply)
      [32m+[0m[0m id                                    = (known after apply)
      [32m+[0m[0m identifier                            = "ingestao-postgres"
      [32m+[0m[0m identifier_prefix                     = (known after apply)
      [32m+[0m[0m instance_class                        = "db.t3.micro"
      [32m+[0m[0m iops                                  = (known after apply)
      [32m+[0m[0m kms_key_id                            = (known after apply)
      [32m+[0m[0m latest_restorable_time                = (known after apply)
      [32m+[0m[0m license_model                         = (known after apply)
      [32m+[0m[0m listener_endpoint                     = (known after apply)
      [32m+[0m[0m maintenance_window                    = (known after apply)
      [32m+[0m[0m master_user_secret                    = (known after apply)
      [32m+[0m[0m master_user_secret_kms_key_id         = (known after apply)
      [32m+[0m[0m monitoring_interval                   = 0
      [32m+[0m[0m monitoring_role_arn                   = (known after apply)
      [32m+[0m[0m multi_az                              = (known after apply)
      [32m+[0m[0m nchar_character_set_name              = (known after apply)
      [32m+[0m[0m network_type                          = (known after apply)
      [32m+[0m[0m option_group_name                     = (known after apply)
      [32m+[0m[0m parameter_group_name                  = (known after apply)
      [32m+[0m[0m password                              = (sensitive value)
      [32m+[0m[0m password_wo                           = (write-only attribute)
      [32m+[0m[0m performance_insights_enabled          = false
      [32m+[0m[0m performance_insights_kms_key_id       = (known after apply)
      [32m+[0m[0m performance_insights_retention_period = (known after apply)
      [32m+[0m[0m port                                  = (known after apply)
      [32m+[0m[0m publicly_accessible                   = false
      [32m+[0m[0m replica_mode                          = (known after apply)
      [32m+[0m[0m replicas                              = (known after apply)
      [32m+[0m[0m resource_id                           = (known after apply)
      [32m+[0m[0m skip_final_snapshot                   = true
      [32m+[0m[0m snapshot_identifier                   = (known after apply)
      [32m+[0m[0m status                                = (known after apply)
      [32m+[0m[0m storage_throughput                    = (known after apply)
      [32m+[0m[0m storage_type                          = "gp2"
      [32m+[0m[0m tags                                  = {
          [32m+[0m[0m "Name"    = "ingestao-postgres"
          [32m+[0m[0m "Project" = "ingestao-lab"
        }
      [32m+[0m[0m tags_all                              = {
          [32m+[0m[0m "Name"    = "ingestao-postgres"
          [32m+[0m[0m "Project" = "ingestao-lab"
        }
      [32m+[0m[0m timezone                              = (known after apply)
      [32m+[0m[0m username                              = "ecommerce"
      [32m+[0m[0m vpc_security_group_ids                = (known after apply)
    }

[1m  # aws_db_subnet_group.ingestao[0m will be created
[0m  [32m+[0m[0m resource "aws_db_subnet_group" "ingestao" {
      [32m+[0m[0m arn                     = (known after apply)
      [32m+[0m[0m description             = "Managed by Terraform"
      [32m+[0m[0m id                      = (known after apply)
      [32m+[0m[0m name                    = "ingestao-db-subnets"
      [32m+[0m[0m name_prefix             = (known after apply)
      [32m+[0m[0m subnet_ids              = [
          [32m+[0m[0m "subnet-00b1a472fc31437a1",
          [32m+[0m[0m "subnet-0227eed7d58b5fce9",
          [32m+[0m[0m "subnet-06aedd53e3db68dea",
          [32m+[0m[0m "subnet-094be08668e81d9f1",
          [32m+[0m[0m "subnet-09decf4624bb92a67",
          [32m+[0m[0m "subnet-0edc15bc90534218c",
        ]
      [32m+[0m[0m supported_network_types = (known after apply)
      [32m+[0m[0m tags                    = {
          [32m+[0m[0m "Name"    = "ingestao-db-subnets"
          [32m+[0m[0m "Project" = "ingestao-lab"
        }
      [32m+[0m[0m tags_all                = {
          [32m+[0m[0m "Name"    = "ingestao-db-subnets"
          [32m+[0m[0m "Project" = "ingestao-lab"
        }
      [32m+[0m[0m vpc_id                  = (known after apply)
    }

[1m  # aws_s3_bucket.datalake[0m will be created
[0m  [32m+[0m[0m resource "aws_s3_bucket" "datalake" {
      [32m+[0m[0m acceleration_status         = (known after apply)
      [32m+[0m[0m acl                         = (known after apply)
      [32m+[0m[0m arn                         = (known after apply)
      [32m+[0m[0m bucket                      = "650379606721-ingestao-lab"
      [32m+[0m[0m bucket_domain_name          = (known after apply)
      [32m+[0m[0m bucket_prefix               = (known after apply)
      [32m+[0m[0m bucket_regional_domain_name = (known after apply)
      [32m+[0m[0m force_destroy               = true
      [32m+[0m[0m hosted_zone_id              = (known after apply)
      [32m+[0m[0m id                          = (known after apply)
      [32m+[0m[0m object_lock_enabled         = (known after apply)
      [32m+[0m[0m policy                      = (known after apply)
      [32m+[0m[0m region                      = (known after apply)
      [32m+[0m[0m request_payer               = (known after apply)
      [32m+[0m[0m tags                        = {
          [32m+[0m[0m "ManagedBy" = "terraform"
          [32m+[0m[0m "Name"      = "650379606721-ingestao-lab"
          [32m+[0m[0m "Project"   = "ingestao-lab"
        }
      [32m+[0m[0m tags_all                    = {
          [32m+[0m[0m "ManagedBy" = "terraform"
          [32m+[0m[0m "Name"      = "650379606721-ingestao-lab"
          [32m+[0m[0m "Project"   = "ingestao-lab"
        }
      [32m+[0m[0m website_domain              = (known after apply)
      [32m+[0m[0m website_endpoint            = (known after apply)

      [32m+[0m[0m cors_rule (known after apply)

      [32m+[0m[0m grant (known after apply)

      [32m+[0m[0m lifecycle_rule (known after apply)

      [32m+[0m[0m logging (known after apply)

      [32m+[0m[0m object_lock_configuration (known after apply)

      [32m+[0m[0m replication_configuration (known after apply)

      [32m+[0m[0m server_side_encryption_configuration (known after apply)

      [32m+[0m[0m versioning (known after apply)

      [32m+[0m[0m website (known after apply)
    }

[1m  # aws_security_group.ingestao[0m will be created
[0m  [32m+[0m[0m resource "aws_security_group" "ingestao" {
      [32m+[0m[0m arn                    = (known after apply)
      [32m+[0m[0m description            = "SSH no EC2 e Postgres interno (EC2 para RDS)"
      [32m+[0m[0m egress                 = [
          [32m+[0m[0m {
              [32m+[0m[0m cidr_blocks      = [
                  [32m+[0m[0m "0.0.0.0/0",
                ]
              [32m+[0m[0m from_port        = 0
              [32m+[0m[0m ipv6_cidr_blocks = []
              [32m+[0m[0m prefix_list_ids  = []
              [32m+[0m[0m protocol         = "-1"
              [32m+[0m[0m security_groups  = []
              [32m+[0m[0m self             = false
              [32m+[0m[0m to_port          = 0
                [90m# (1 unchanged attribute hidden)[0m[0m
            },
        ]
      [32m+[0m[0m id                     = (known after apply)
      [32m+[0m[0m ingress                = [
          [32m+[0m[0m {
              [32m+[0m[0m cidr_blocks      = [
                  [32m+[0m[0m "0.0.0.0/0",
                ]
              [32m+[0m[0m description      = "SSH"
              [32m+[0m[0m from_port        = 22
              [32m+[0m[0m ipv6_cidr_blocks = []
              [32m+[0m[0m prefix_list_ids  = []
              [32m+[0m[0m protocol         = "tcp"
              [32m+[0m[0m security_groups  = []
              [32m+[0m[0m self             = false
              [32m+[0m[0m to_port          = 22
            },
          [32m+[0m[0m {
              [32m+[0m[0m cidr_blocks      = []
              [32m+[0m[0m description      = "Postgres interno (EC2 para RDS)"
              [32m+[0m[0m from_port        = 5432
              [32m+[0m[0m ipv6_cidr_blocks = []
              [32m+[0m[0m prefix_list_ids  = []
              [32m+[0m[0m protocol         = "tcp"
              [32m+[0m[0m security_groups  = []
              [32m+[0m[0m self             = true
              [32m+[0m[0m to_port          = 5432
            },
        ]
      [32m+[0m[0m name                   = "ingestao-sg"
      [32m+[0m[0m name_prefix            = (known after apply)
      [32m+[0m[0m owner_id               = (known after apply)
      [32m+[0m[0m revoke_rules_on_delete = false
      [32m+[0m[0m tags                   = {
          [32m+[0m[0m "Name"    = "ingestao-sg"
          [32m+[0m[0m "Project" = "ingestao-lab"
        }
      [32m+[0m[0m tags_all               = {
          [32m+[0m[0m "Name"    = "ingestao-sg"
          [32m+[0m[0m "Project" = "ingestao-lab"
        }
      [32m+[0m[0m vpc_id                 = "vpc-0eaa9957299798865"
    }

[1mPlan:[0m [0m4 to add, 0 to change, 0 to destroy.

Changes to Outputs:
  [32m+[0m[0m db_name      = "ecommerce"
  [32m+[0m[0m rds_endpoint = (known after apply)
  [32m+[0m[0m rds_port     = (known after apply)
  [32m+[0m[0m s3_bucket    = "650379606721-ingestao-lab"
[31m╷[0m[0m
[31m│[0m [0m[1m[31mError: [0m[0m[1mreading EC2 Subnets: operation error EC2: DescribeSubnets, https response error StatusCode: 0, RequestID: , request send failed, Post "https://ec2.us-east-1.amazonaws.com/": dial tcp: lookup ec2.us-east-1.amazonaws.com on 10.255.255.254:53: no such host[0m
[31m│[0m [0m
[31m│[0m [0m[0m  with data.aws_subnets.ec2,
[31m│[0m [0m  on main.tf line 24, in data "aws_subnets" "ec2":
[31m│[0m [0m  24: data "aws_subnets" "ec2" [4m{[0m[0m
[31m│[0m [0m
[31m╵[0m[0m
