data.aws_ssm_parameter.al2023: Reading...
data.aws_vpc.default: Reading...
data.aws_caller_identity.current: Reading...
data.aws_caller_identity.current: Read complete after 0s [id=650379606721]
data.aws_ssm_parameter.al2023: Read complete after 1s [id=/aws/service/ami-amazon-linux-latest/al2023-ami-kernel-default-x86_64]
data.aws_vpc.default: Read complete after 2s [id=vpc-0eaa9957299798865]
data.aws_subnets.ec2: Reading...
data.aws_subnets.default: Reading...
data.aws_subnets.ec2: Read complete after 0s [id=us-east-1]

Terraform used the selected providers to generate the following execution
plan. Resource actions are indicated with the following symbols:
  + create

Terraform planned the following actions, but then encountered a problem:

  # aws_instance.runner will be created
  + resource "aws_instance" "runner" {
      + ami                                  = (sensitive value)
      + arn                                  = (known after apply)
      + associate_public_ip_address          = true
      + availability_zone                    = (known after apply)
      + cpu_core_count                       = (known after apply)
      + cpu_threads_per_core                 = (known after apply)
      + disable_api_stop                     = (known after apply)
      + disable_api_termination              = (known after apply)
      + ebs_optimized                        = (known after apply)
      + enable_primary_ipv6                  = (known after apply)
      + get_password_data                    = false
      + host_id                              = (known after apply)
      + host_resource_group_arn              = (known after apply)
      + iam_instance_profile                 = "LabInstanceProfile"
      + id                                   = (known after apply)
      + instance_initiated_shutdown_behavior = (known after apply)
      + instance_lifecycle                   = (known after apply)
      + instance_state                       = (known after apply)
      + instance_type                        = "t3.small"
      + ipv6_address_count                   = (known after apply)
      + ipv6_addresses                       = (known after apply)
      + key_name                             = "vockey"
      + monitoring                           = (known after apply)
      + outpost_arn                          = (known after apply)
      + password_data                        = (known after apply)
      + placement_group                      = (known after apply)
      + placement_partition_number           = (known after apply)
      + primary_network_interface_id         = (known after apply)
      + private_dns                          = (known after apply)
      + private_ip                           = (known after apply)
      + public_dns                           = (known after apply)
      + public_ip                            = (known after apply)
      + secondary_private_ips                = (known after apply)
      + security_groups                      = (known after apply)
      + source_dest_check                    = true
      + spot_instance_request_id             = (known after apply)
      + subnet_id                            = "subnet-0227eed7d58b5fce9"
      + tags                                 = {
          + "Name"    = "ingestao-runner"
          + "Project" = "ingestao-lab"
        }
      + tags_all                             = {
          + "Name"    = "ingestao-runner"
          + "Project" = "ingestao-lab"
        }
      + tenancy                              = (known after apply)
      + user_data                            = "8eaa7eadbe2684e5d10e9307bdae8306ecad94f9"
      + user_data_base64                     = (known after apply)
      + user_data_replace_on_change          = false
      + vpc_security_group_ids               = (known after apply)

      + capacity_reservation_specification (known after apply)

      + cpu_options (known after apply)

      + ebs_block_device (known after apply)

      + enclave_options (known after apply)

      + ephemeral_block_device (known after apply)

      + instance_market_options (known after apply)

      + maintenance_options (known after apply)

      + metadata_options (known after apply)

      + network_interface (known after apply)

      + private_dns_name_options (known after apply)

      + root_block_device (known after apply)
    }

  # aws_s3_bucket.datalake will be created
  + resource "aws_s3_bucket" "datalake" {
      + acceleration_status         = (known after apply)
      + acl                         = (known after apply)
      + arn                         = (known after apply)
      + bucket                      = "650379606721-ingestao-lab"
      + bucket_domain_name          = (known after apply)
      + bucket_prefix               = (known after apply)
      + bucket_regional_domain_name = (known after apply)
      + force_destroy               = true
      + hosted_zone_id              = (known after apply)
      + id                          = (known after apply)
      + object_lock_enabled         = (known after apply)
      + policy                      = (known after apply)
      + region                      = (known after apply)
      + request_payer               = (known after apply)
      + tags                        = {
          + "ManagedBy" = "terraform"
          + "Name"      = "650379606721-ingestao-lab"
          + "Project"   = "ingestao-lab"
        }
      + tags_all                    = {
          + "ManagedBy" = "terraform"
          + "Name"      = "650379606721-ingestao-lab"
          + "Project"   = "ingestao-lab"
        }
      + website_domain              = (known after apply)
      + website_endpoint            = (known after apply)

      + cors_rule (known after apply)

      + grant (known after apply)

      + lifecycle_rule (known after apply)

      + logging (known after apply)

      + object_lock_configuration (known after apply)

      + replication_configuration (known after apply)

      + server_side_encryption_configuration (known after apply)

      + versioning (known after apply)

      + website (known after apply)
    }

  # aws_security_group.ingestao will be created
  + resource "aws_security_group" "ingestao" {
      + arn                    = (known after apply)
      + description            = "SSH no EC2 e Postgres interno (EC2 para RDS)"
      + egress                 = [
          + {
              + cidr_blocks      = [
                  + "0.0.0.0/0",
                ]
              + from_port        = 0
              + ipv6_cidr_blocks = []
              + prefix_list_ids  = []
              + protocol         = "-1"
              + security_groups  = []
              + self             = false
              + to_port          = 0
                # (1 unchanged attribute hidden)
            },
        ]
      + id                     = (known after apply)
      + ingress                = [
          + {
              + cidr_blocks      = [
                  + "0.0.0.0/0",
                ]
              + description      = "SSH"
              + from_port        = 22
              + ipv6_cidr_blocks = []
              + prefix_list_ids  = []
              + protocol         = "tcp"
              + security_groups  = []
              + self             = false
              + to_port          = 22
            },
          + {
              + cidr_blocks      = []
              + description      = "Postgres interno (EC2 para RDS)"
              + from_port        = 5432
              + ipv6_cidr_blocks = []
              + prefix_list_ids  = []
              + protocol         = "tcp"
              + security_groups  = []
              + self             = true
              + to_port          = 5432
            },
        ]
      + name                   = "ingestao-sg"
      + name_prefix            = (known after apply)
      + owner_id               = (known after apply)
      + revoke_rules_on_delete = false
      + tags                   = {
          + "Name"    = "ingestao-sg"
          + "Project" = "ingestao-lab"
        }
      + tags_all               = {
          + "Name"    = "ingestao-sg"
          + "Project" = "ingestao-lab"
        }
      + vpc_id                 = "vpc-0eaa9957299798865"
    }

Plan: 3 to add, 0 to change, 0 to destroy.

Changes to Outputs:
  + ec2_public_dns = (known after apply)
  + ec2_public_ip  = (known after apply)
  + s3_bucket      = "650379606721-ingestao-lab"
  + ssh_command    = (known after apply)

Error: reading EC2 Subnets: operation error EC2: DescribeSubnets, https response error StatusCode: 0, RequestID: , request send failed, Post "https://ec2.us-east-1.amazonaws.com/": dial tcp: lookup ec2.us-east-1.amazonaws.com on 10.255.255.254:53: no such host

  with data.aws_subnets.default,
  on main.tf line 16, in data "aws_subnets" "default":
  16: data "aws_subnets" "default" {

